<?xml version="1.0" encoding="utf-8"?><testsuites name="pytest tests"><testsuite name="pytest" errors="0" failures="0" skipped="0" tests="13" time="10.349" timestamp="2026-03-11T21:11:06.814574+00:00" hostname="agent-env-2c4ba409-95b1-4dd7-96a3-08e2a0942604"><testcase classname="tests.test_noc_v8.TestAuth" name="test_health_endpoint" time="0.232" /><testcase classname="tests.test_noc_v8.TestAuth" name="test_login_success" time="0.394" /><testcase classname="tests.test_noc_v8.TestAuth" name="test_login_invalid_credentials" time="0.408" /><testcase classname="tests.test_noc_v8.TestRankingEndpoints" name="test_realtime_ranking" time="2.035" /><testcase classname="tests.test_noc_v8.TestRankingEndpoints" name="test_by_brand_ranking" time="1.825" /><testcase classname="tests.test_noc_v8.TestRankingEndpoints" name="test_by_island_ranking" time="1.813" /><testcase classname="tests.test_noc_v8.TestRankingEndpoints" name="test_trends_endpoint" time="1.729" /><testcase classname="tests.test_noc_v8.TestHistoricalDataEndpoints" name="test_collector_status" time="0.592" /><testcase classname="tests.test_noc_v8.TestHistoricalDataEndpoints" name="test_historical_data" time="0.188" /><testcase classname="tests.test_noc_v8.TestDeployEndpoints" name="test_deploy_backend_endpoint" time="0.133" /><testcase classname="tests.test_noc_v8.TestDeployEndpoints" name="test_deploy_frontend_endpoint" time="0.137" /><testcase classname="tests.test_noc_v8.TestDeployEndpoints" name="test_deploy_script_endpoint" time="0.131" /><testcase classname="tests.test_noc_v8.TestCamerasEndpoint" name="test_list_cameras" time="0.564" /></testsuite></testsuites>