<?xml version="1.0" encoding="utf-8"?><testsuites name="pytest tests"><testsuite name="pytest" errors="0" failures="0" skipped="0" tests="15" time="3.377" timestamp="2026-02-19T18:50:55.395630+00:00" hostname="agent-env-1c3323cf-e780-4333-b38c-05201bf2737b"><testcase classname="backend.tests.test_dahua_api.TestDahuaDevicesCRUD" name="test_01_list_dahua_devices" time="0.635" /><testcase classname="backend.tests.test_dahua_api.TestDahuaDevicesCRUD" name="test_02_create_dahua_device" time="0.209" /><testcase classname="backend.tests.test_dahua_api.TestDahuaDevicesCRUD" name="test_03_get_single_dahua_device" time="0.111" /><testcase classname="backend.tests.test_dahua_api.TestDahuaDevicesCRUD" name="test_04_update_dahua_device" time="0.304" /><testcase classname="backend.tests.test_dahua_api.TestDahuaDevicesCRUD" name="test_05_verify_update_persisted" time="0.261" /><testcase classname="backend.tests.test_dahua_api.TestDahuaDevicesCRUD" name="test_06_delete_dahua_device" time="0.154" /><testcase classname="backend.tests.test_dahua_api.TestDahuaDevicesCRUD" name="test_07_verify_delete" time="0.146" /><testcase classname="backend.tests.test_dahua_api.TestDahuaStatusEndpoints" name="test_status_summary" time="0.265" /><testcase classname="backend.tests.test_dahua_api.TestDahuaQuickCheck" name="test_quick_check_invalid_serial" time="0.208" /><testcase classname="backend.tests.test_dahua_api.TestDahuaQuickCheck" name="test_quick_check_response_structure" time="0.239" /><testcase classname="backend.tests.test_dahua_api.TestDahuaErrorHandling" name="test_get_nonexistent_device" time="0.147" /><testcase classname="backend.tests.test_dahua_api.TestDahuaErrorHandling" name="test_update_nonexistent_device" time="0.127" /><testcase classname="backend.tests.test_dahua_api.TestDahuaErrorHandling" name="test_delete_nonexistent_device" time="0.124" /><testcase classname="backend.tests.test_dahua_api.TestDahuaErrorHandling" name="test_unauthorized_access" time="0.136" /><testcase classname="backend.tests.test_dahua_api.TestDahuaValidation" name="test_create_device_missing_required_fields" time="0.240" /></testsuite></testsuites>