<?xml version="1.0" encoding="utf-8"?><testsuites name="pytest tests"><testsuite name="pytest" errors="0" failures="0" skipped="0" tests="18" time="8.964" timestamp="2026-03-12T10:05:56.433152+00:00" hostname="agent-env-74207127-5f92-4c10-be31-47045024f74c"><testcase classname="tests.test_bi_suite.TestAuthFlow" name="test_health_check" time="0.244" /><testcase classname="tests.test_bi_suite.TestAuthFlow" name="test_login_valid_credentials" time="0.384" /><testcase classname="tests.test_bi_suite.TestAuthFlow" name="test_login_invalid_credentials" time="0.433" /><testcase classname="tests.test_bi_suite.TestExecutiveEndpoint" name="test_executive_endpoint" time="0.502" /><testcase classname="tests.test_bi_suite.TestComparisonEndpoint" name="test_comparison_week" time="0.451" /><testcase classname="tests.test_bi_suite.TestComparisonEndpoint" name="test_comparison_month" time="0.106" /><testcase classname="tests.test_bi_suite.TestGoalsCRUD" name="test_get_goals" time="0.457" /><testcase classname="tests.test_bi_suite.TestGoalsCRUD" name="test_create_goal" time="0.107" /><testcase classname="tests.test_bi_suite.TestGoalsCRUD" name="test_update_goal" time="0.115" /><testcase classname="tests.test_bi_suite.TestGoalsCRUD" name="test_verify_goal_update" time="0.100" /><testcase classname="tests.test_bi_suite.TestGoalsCRUD" name="test_delete_goal" time="0.213" /><testcase classname="tests.test_bi_suite.TestGoalsCRUD" name="test_verify_goal_deletion" time="0.097" /><testcase classname="tests.test_bi_suite.TestExportEndpoint" name="test_export_requires_dates" time="0.544" /><testcase classname="tests.test_bi_suite.TestExportEndpoint" name="test_export_with_dates" time="0.106" /><testcase classname="tests.test_bi_suite.TestExportEndpoint" name="test_export_with_brand_filter" time="0.117" /><testcase classname="tests.test_bi_suite.TestExportEndpoint" name="test_export_with_island_filter" time="0.108" /><testcase classname="tests.test_bi_suite.TestRankingEndpoint" name="test_ranking_realtime" time="2.777" /><testcase classname="tests.test_bi_suite.TestRankingEndpoint" name="test_ranking_trends" time="1.909" /></testsuite></testsuites>