<?xml version="1.0" encoding="utf-8"?><testsuites name="pytest tests"><testsuite name="pytest" errors="0" failures="0" skipped="0" tests="16" time="10.282" timestamp="2026-02-24T15:15:04.324227+00:00" hostname="agent-env-cd77914b-c0e6-47f4-967b-f90f85d9a7f4"><testcase classname="tests.test_multitenancy.TestAdminLogin" name="test_admin_login_success" time="0.464" /><testcase classname="tests.test_multitenancy.TestTenantAdminLogin" name="test_tenant_admin_login_success" time="0.400" /><testcase classname="tests.test_multitenancy.TestAdminOrganizationsAccess" name="test_admin_sees_all_organizations" time="0.532" /><testcase classname="tests.test_multitenancy.TestTenantAdminOrganizationsAccess" name="test_tenant_admin_sees_only_their_organizations" time="0.515" /><testcase classname="tests.test_multitenancy.TestTenantAdminGroupsAccess" name="test_tenant_admin_sees_only_their_groups" time="0.525" /><testcase classname="tests.test_multitenancy.TestTenantAdminGroupCreation" name="test_tenant_admin_can_create_group_in_their_org" time="0.895" /><testcase classname="tests.test_multitenancy.TestTenantAdminDevicesFiltering" name="test_tenant_admin_devices_filtered" time="0.541" /><testcase classname="tests.test_multitenancy.TestDeviceStatsFiltering" name="test_admin_device_stats" time="0.603" /><testcase classname="tests.test_multitenancy.TestDeviceStatsFiltering" name="test_tenant_admin_device_stats" time="0.678" /><testcase classname="tests.test_multitenancy.TestAlertsFiltering" name="test_admin_alerts" time="0.554" /><testcase classname="tests.test_multitenancy.TestAlertsFiltering" name="test_tenant_admin_alerts_filtered" time="0.569" /><testcase classname="tests.test_multitenancy.TestDahuaDevicesFiltering" name="test_admin_dahua_devices" time="0.543" /><testcase classname="tests.test_multitenancy.TestDahuaDevicesFiltering" name="test_tenant_admin_dahua_devices_filtered" time="0.643" /><testcase classname="tests.test_multitenancy.TestAdminVsTenantComparison" name="test_compare_organizations_count" time="1.270" /><testcase classname="tests.test_multitenancy.TestTenantAdminCannotAccessOtherOrgs" name="test_tenant_cannot_create_group_in_other_org" time="0.949" /><testcase classname="tests.test_multitenancy.TestCleanup" name="test_cleanup_test_groups" time="0.546" /></testsuite></testsuites>