<?xml version="1.0" encoding="utf-8"?><testsuites name="pytest tests"><testsuite name="pytest" errors="0" failures="0" skipped="0" tests="6" time="1.526" timestamp="2026-01-20T17:27:04.739776+00:00" hostname="agent-env-f8b5b3d5-3c05-47b6-866c-282de9a574d8"><testcase classname="tests.test_siempria_api.TestAuthentication" name="test_admin_login_success" time="0.287" /><testcase classname="tests.test_siempria_api.TestAuthentication" name="test_operator_login_success" time="0.262" /><testcase classname="tests.test_siempria_api.TestAuthentication" name="test_login_invalid_credentials" time="0.038" /><testcase classname="tests.test_siempria_api.TestOrganizationsAndGroups" name="test_get_organizations" time="0.297" /><testcase classname="tests.test_siempria_api.TestOrganizationsAndGroups" name="test_get_groups" time="0.300" /><testcase classname="tests.test_siempria_api.TestDeviceTypes" name="test_get_device_types" time="0.292" /></testsuite></testsuites>