<?xml version="1.0" encoding="utf-8"?><testsuites name="pytest tests"><testsuite name="pytest" errors="0" failures="0" skipped="0" tests="17" time="5.281" timestamp="2026-03-08T06:20:47.899154+00:00" hostname="agent-env-9bb74477-4e12-4dae-9940-9deeda86d782"><testcase classname="tests.test_brand_center_crud.TestBrandsCRUD" name="test_get_brands_list" time="0.576" /><testcase classname="tests.test_brand_center_crud.TestBrandsCRUD" name="test_create_brand" time="0.251" /><testcase classname="tests.test_brand_center_crud.TestBrandsCRUD" name="test_create_brand_duplicate_id_fails" time="0.336" /><testcase classname="tests.test_brand_center_crud.TestBrandsCRUD" name="test_update_brand" time="0.488" /><testcase classname="tests.test_brand_center_crud.TestBrandsCRUD" name="test_update_nonexistent_brand_fails" time="0.102" /><testcase classname="tests.test_brand_center_crud.TestBrandsCRUD" name="test_delete_brand_soft_delete" time="0.379" /><testcase classname="tests.test_brand_center_crud.TestBrandsCRUD" name="test_delete_nonexistent_brand_fails" time="0.104" /><testcase classname="tests.test_brand_center_crud.TestCentersCRUD" name="test_get_centers_list" time="0.464" /><testcase classname="tests.test_brand_center_crud.TestCentersCRUD" name="test_create_center" time="0.203" /><testcase classname="tests.test_brand_center_crud.TestCentersCRUD" name="test_create_center_with_brand_association" time="0.225" /><testcase classname="tests.test_brand_center_crud.TestCentersCRUD" name="test_delete_center" time="0.305" /><testcase classname="tests.test_brand_center_crud.TestUploadEndpoint" name="test_upload_requires_auth" time="0.107" /><testcase classname="tests.test_brand_center_crud.TestUploadEndpoint" name="test_upload_file_success" time="0.556" /><testcase classname="tests.test_brand_center_crud.TestUploadEndpoint" name="test_upload_invalid_file_type" time="0.095" /><testcase classname="tests.test_brand_center_crud.TestUploadEndpoint" name="test_upload_allowed_extensions" time="0.324" /><testcase classname="tests.test_brand_center_crud.TestBrandsRequireAdminRole" name="test_get_brands_any_authenticated_user" time="0.456" /><testcase classname="tests.test_brand_center_crud.TestBrandsRequireAdminRole" name="test_create_brand_requires_admin" time="0.237" /></testsuite></testsuites>