<?xml version="1.0" encoding="utf-8"?><testsuites name="pytest tests"><testsuite name="pytest" errors="0" failures="0" skipped="0" tests="14" time="2.271" timestamp="2026-03-07T09:19:09.254225+00:00" hostname="agent-env-96ddf4d9-c018-4074-9914-fdfa66b2bf9c"><testcase classname="backend.tests.test_brand_statistics.TestBrandStatisticsAPI" name="test_get_brands_returns_six_brands" time="0.586" /><testcase classname="backend.tests.test_brand_statistics.TestBrandStatisticsAPI" name="test_get_ranking_default_period" time="0.211" /><testcase classname="backend.tests.test_brand_statistics.TestBrandStatisticsAPI" name="test_get_ranking_with_period_filter" time="0.097" /><testcase classname="backend.tests.test_brand_statistics.TestBrandStatisticsAPI" name="test_get_ranking_with_month_period" time="0.104" /><testcase classname="backend.tests.test_brand_statistics.TestBrandStatisticsAPI" name="test_get_ranking_with_island_filter" time="0.109" /><testcase classname="backend.tests.test_brand_statistics.TestBrandStatisticsAPI" name="test_get_summary" time="0.104" /><testcase classname="backend.tests.test_brand_statistics.TestBrandStatisticsAPI" name="test_get_ranking_by_island_matrix" time="0.107" /><testcase classname="backend.tests.test_brand_statistics.TestBrandStatisticsAPI" name="test_brands_endpoint_requires_auth" time="0.105" /><testcase classname="backend.tests.test_brand_statistics.TestBrandStatisticsAPI" name="test_ranking_endpoint_requires_auth" time="0.100" /><testcase classname="backend.tests.test_brand_statistics.TestBrandStatisticsAPI" name="test_summary_endpoint_requires_auth" time="0.103" /><testcase classname="backend.tests.test_brand_statistics.TestBrandRecordAPI" name="test_record_brand_visit" time="0.123" /><testcase classname="backend.tests.test_brand_statistics.TestBrandRecordAPI" name="test_record_invalid_brand_fails" time="0.138" /><testcase classname="backend.tests.test_brand_statistics.TestDailyTrendAPI" name="test_get_daily_trend" time="0.103" /><testcase classname="backend.tests.test_brand_statistics.TestDailyTrendAPI" name="test_get_daily_trend_invalid_brand_fails" time="0.188" /></testsuite></testsuites>