<?xml version="1.0" encoding="utf-8"?><testsuites name="pytest tests"><testsuite name="pytest" errors="0" failures="0" skipped="0" tests="18" time="4.498" timestamp="2026-03-11T13:38:18.651791+00:00" hostname="agent-env-62b3b9cf-0f59-4479-9ff6-a38cc93f1786"><testcase classname="backend.tests.test_conteo_api.TestAuth" name="test_login_success" time="0.456" /><testcase classname="backend.tests.test_conteo_api.TestAuth" name="test_login_invalid_credentials" time="0.108" /><testcase classname="backend.tests.test_conteo_api.TestAuth" name="test_login_missing_fields" time="0.110" /><testcase classname="backend.tests.test_conteo_api.TestRankingAPI" name="test_ranking_realtime" time="0.508" /><testcase classname="backend.tests.test_conteo_api.TestRankingAPI" name="test_ranking_by_brand" time="0.099" /><testcase classname="backend.tests.test_conteo_api.TestRankingAPI" name="test_ranking_by_center" time="0.110" /><testcase classname="backend.tests.test_conteo_api.TestRankingAPI" name="test_ranking_by_island" time="0.145" /><testcase classname="backend.tests.test_conteo_api.TestRankingAPI" name="test_ranking_requires_auth" time="0.151" /><testcase classname="backend.tests.test_conteo_api.TestCamerasAPI" name="test_get_cameras" time="0.115" /><testcase classname="backend.tests.test_conteo_api.TestCamerasAPI" name="test_camera_crud_flow" time="0.752" /><testcase classname="backend.tests.test_conteo_api.TestCamerasAPI" name="test_delete_nonexistent_camera" time="0.119" /><testcase classname="backend.tests.test_conteo_api.TestCamerasAPI" name="test_cameras_requires_auth" time="0.107" /><testcase classname="backend.tests.test_conteo_api.TestUsersAPI" name="test_get_users" time="0.120" /><testcase classname="backend.tests.test_conteo_api.TestUsersAPI" name="test_user_crud_flow" time="1.082" /><testcase classname="backend.tests.test_conteo_api.TestUsersAPI" name="test_delete_nonexistent_user" time="0.102" /><testcase classname="backend.tests.test_conteo_api.TestUsersAPI" name="test_create_duplicate_user" time="0.104" /><testcase classname="backend.tests.test_conteo_api.TestUsersAPI" name="test_users_requires_auth" time="0.102" /><testcase classname="backend.tests.test_conteo_api.TestHealthAPI" name="test_health_check" time="0.117" /></testsuite></testsuites>