<?xml version="1.0" encoding="utf-8"?><testsuites name="pytest tests"><testsuite name="pytest" errors="0" failures="1" skipped="0" tests="23" time="10.268" timestamp="2026-02-15T10:43:41.684018+00:00" hostname="agent-env-aba92213-ab62-4baf-b1c5-c94e05d25e9b"><testcase classname="backend.tests.test_siempria_api.TestHealthAndRoot" name="test_api_root" time="0.139" /><testcase classname="backend.tests.test_siempria_api.TestAuthentication" name="test_login_success" time="0.332" /><testcase classname="backend.tests.test_siempria_api.TestAuthentication" name="test_login_invalid_credentials" time="0.112" /><testcase classname="backend.tests.test_siempria_api.TestAuthentication" name="test_get_me_with_token" time="0.425" /><testcase classname="backend.tests.test_siempria_api.TestAuthentication" name="test_get_me_without_token" time="0.104" /><testcase classname="backend.tests.test_siempria_api.TestDevices" name="test_get_devices" time="0.475" /><testcase classname="backend.tests.test_siempria_api.TestDevices" name="test_get_device_stats" time="0.454" /><testcase classname="backend.tests.test_siempria_api.TestDevices" name="test_get_device_types" time="0.430" /><testcase classname="backend.tests.test_siempria_api.TestDevices" name="test_create_device_and_verify" time="0.546" /><testcase classname="backend.tests.test_siempria_api.TestDevices" name="test_update_device" time="0.420"><failure message="AssertionError: Create device failed: 400 - {&quot;detail&quot;:&quot;Ya existe un dispositivo con esa IP y puerto&quot;}&#10;assert 400 == 200&#10; +  where 400 = &lt;Response [400]&gt;.status_code">backend/tests/test_siempria_api.py:185: in test_update_device
    device_id = self.test_create_device_and_verify()
                ^^^^^^^^^^^^^^^^^^^^^^^^^^^^^^^^^^^^
backend/tests/test_siempria_api.py:161: in test_create_device_and_verify
    assert response.status_code == 200, f"Create device failed: {response.status_code} - {response.text}"
E   AssertionError: Create device failed: 400 - {"detail":"Ya existe un dispositivo con esa IP y puerto"}
E   assert 400 == 200
E    +  where 400 = &lt;Response [400]&gt;.status_code</failure></testcase><testcase classname="backend.tests.test_siempria_api.TestDevices" name="test_delete_device" time="0.626" /><testcase classname="backend.tests.test_siempria_api.TestDevices" name="test_device_check" time="0.724" /><testcase classname="backend.tests.test_siempria_api.TestOrganizations" name="test_get_organizations" time="0.443" /><testcase classname="backend.tests.test_siempria_api.TestOrganizations" name="test_create_organization" time="0.431" /><testcase classname="backend.tests.test_siempria_api.TestGroups" name="test_get_groups" time="0.938" /><testcase classname="backend.tests.test_siempria_api.TestAlerts" name="test_get_alerts" time="0.421" /><testcase classname="backend.tests.test_siempria_api.TestAlerts" name="test_get_alert_stats" time="0.432" /><testcase classname="backend.tests.test_siempria_api.TestCRA" name="test_get_cra_status" time="0.430" /><testcase classname="backend.tests.test_siempria_api.TestCRA" name="test_get_cra_devices" time="0.421" /><testcase classname="backend.tests.test_siempria_api.TestWebSocket" name="test_websocket_status" time="0.427" /><testcase classname="backend.tests.test_siempria_api.TestSettings" name="test_get_settings" time="0.426" /><testcase classname="backend.tests.test_siempria_api.TestUsers" name="test_get_users" time="0.430" /><testcase classname="backend.tests.test_siempria_api.TestCleanup" name="test_cleanup_test_devices" time="0.597" /></testsuite></testsuites>