<?xml version="1.0" encoding="utf-8"?><testsuites name="pytest tests"><testsuite name="pytest" errors="0" failures="0" skipped="0" tests="12" time="8.101" timestamp="2026-03-13T21:21:00.216171+00:00" hostname="agent-env-5fd1e1ed-a708-4e6f-b9b3-461625af929e"><testcase classname="backend.tests.test_heatmap_profile_automation.TestHealthAndAuth" name="test_health_endpoint" time="0.150" /><testcase classname="backend.tests.test_heatmap_profile_automation.TestHealthAndAuth" name="test_login_success" time="0.412" /><testcase classname="backend.tests.test_heatmap_profile_automation.TestHealthAndAuth" name="test_login_invalid_credentials" time="0.146" /><testcase classname="backend.tests.test_heatmap_profile_automation.TestHeatmapProfileAutomation" name="test_post_camera_auto_sets_heatmap_profile" time="0.853" /><testcase classname="backend.tests.test_heatmap_profile_automation.TestHeatmapProfileAutomation" name="test_put_camera_auto_sets_heatmap_profile_if_missing" time="0.479" /><testcase classname="backend.tests.test_heatmap_profile_automation.TestHeatmapProfileAutomation" name="test_put_camera_preserves_explicit_heatmap_profile" time="0.493" /><testcase classname="backend.tests.test_heatmap_profile_automation.TestCamerasEndpoints" name="test_get_cameras_list" time="0.163" /><testcase classname="backend.tests.test_heatmap_profile_automation.TestCamerasEndpoints" name="test_camera_crud_full_cycle" time="0.744" /><testcase classname="backend.tests.test_heatmap_profile_automation.TestDashboardEndpoints" name="test_ranking_realtime" time="2.444" /><testcase classname="backend.tests.test_heatmap_profile_automation.TestDashboardEndpoints" name="test_ranking_trends" time="1.827" /><testcase classname="backend.tests.test_heatmap_profile_automation.TestDashboardEndpoints" name="test_heatmap_cameras" time="0.129" /><testcase classname="backend.tests.test_heatmap_profile_automation.TestDashboardEndpoints" name="test_analytics_executive" time="0.133" /></testsuite></testsuites>