<?xml version="1.0" encoding="utf-8"?><testsuites name="pytest tests"><testsuite name="pytest" errors="0" failures="0" skipped="0" tests="12" time="14.863" timestamp="2026-03-11T18:27:24.879565+00:00" hostname="agent-env-6071c5af-7dfb-412d-ac24-a9d4ef817320"><testcase classname="tests.test_conteo_v7.TestHealthAndAuth" name="test_health_endpoint" time="0.220" /><testcase classname="tests.test_conteo_v7.TestHealthAndAuth" name="test_login_success" time="0.398" /><testcase classname="tests.test_conteo_v7.TestHealthAndAuth" name="test_login_invalid_credentials" time="0.432" /><testcase classname="tests.test_conteo_v7.TestRankingEndpoints" name="test_ranking_realtime" time="1.925" /><testcase classname="tests.test_conteo_v7.TestRankingEndpoints" name="test_ranking_trends" time="2.006" /><testcase classname="tests.test_conteo_v7.TestRankingEndpoints" name="test_ranking_by_brand" time="2.162" /><testcase classname="tests.test_conteo_v7.TestRankingEndpoints" name="test_ranking_by_center" time="1.969" /><testcase classname="tests.test_conteo_v7.TestRankingEndpoints" name="test_ranking_by_island" time="2.024" /><testcase classname="tests.test_conteo_v7.TestCameraManagement" name="test_list_cameras" time="0.569" /><testcase classname="tests.test_conteo_v7.TestUserManagement" name="test_list_users" time="0.516" /><testcase classname="tests.test_conteo_v7.TestUserManagement" name="test_create_user_with_permissions" time="1.083" /><testcase classname="tests.test_conteo_v7.TestUserManagement" name="test_update_user_permissions" time="1.434" /></testsuite></testsuites>