<?xml version="1.0" encoding="utf-8"?><testsuites name="pytest tests"><testsuite name="pytest" errors="0" failures="0" skipped="0" tests="16" time="16.815" timestamp="2026-03-08T06:32:49.927038+00:00" hostname="agent-env-9bb74477-4e12-4dae-9940-9deeda86d782"><testcase classname="backend.tests.test_noc_competitivo.TestNOCCompetitivo" name="test_ranking_endpoint_returns_200" time="1.598" /><testcase classname="backend.tests.test_noc_competitivo.TestNOCCompetitivo" name="test_ranking_returns_all_brands" time="0.686" /><testcase classname="backend.tests.test_noc_competitivo.TestNOCCompetitivo" name="test_ranking_brand_structure" time="0.731" /><testcase classname="backend.tests.test_noc_competitivo.TestNOCCompetitivo" name="test_ranking_has_brand_logos" time="0.694" /><testcase classname="backend.tests.test_noc_competitivo.TestNOCCompetitivo" name="test_ranking_period_day" time="0.569" /><testcase classname="backend.tests.test_noc_competitivo.TestNOCCompetitivo" name="test_ranking_period_week" time="0.547" /><testcase classname="backend.tests.test_noc_competitivo.TestNOCCompetitivo" name="test_ranking_period_month" time="0.606" /><testcase classname="backend.tests.test_noc_competitivo.TestNOCCompetitivo" name="test_ranking_filter_by_island" time="0.513" /><testcase classname="backend.tests.test_noc_competitivo.TestNOCCompetitivo" name="test_ranking_total_brands_count" time="0.641" /><testcase classname="backend.tests.test_noc_competitivo.TestNOCCompetitivo" name="test_realtime_refresh_endpoint" time="2.939" /><testcase classname="backend.tests.test_noc_competitivo.TestNOCCompetitivo" name="test_realtime_refresh_updates_timestamp" time="2.577" /><testcase classname="backend.tests.test_noc_competitivo.TestNOCCompetitivo" name="test_realtime_refresh_returns_cameras_count" time="2.278" /><testcase classname="backend.tests.test_noc_competitivo.TestNOCCompetitivo" name="test_ranking_requires_auth" time="0.581" /><testcase classname="backend.tests.test_noc_competitivo.TestNOCCompetitivo" name="test_realtime_refresh_requires_auth" time="0.491" /><testcase classname="backend.tests.test_noc_competitivo.TestNOCCompetitivo" name="test_ranking_visits_are_numeric" time="0.616" /><testcase classname="backend.tests.test_noc_competitivo.TestNOCCompetitivo" name="test_ranking_brand_colors_valid" time="0.657" /></testsuite></testsuites>