<?xml version="1.0" encoding="utf-8"?><testsuites name="pytest tests"><testsuite name="pytest" errors="0" failures="0" skipped="0" tests="14" time="10.239" timestamp="2026-03-11T16:19:12.210906+00:00" hostname="agent-env-dc0249d2-c5ad-448f-85c5-76d89a9984eb"><testcase classname="backend.tests.test_conteo_v6.TestHealthAndAuth" name="test_health_endpoint" time="0.133" /><testcase classname="backend.tests.test_conteo_v6.TestHealthAndAuth" name="test_login_success_returns_permissions" time="0.367" /><testcase classname="backend.tests.test_conteo_v6.TestHealthAndAuth" name="test_login_invalid_credentials" time="0.371" /><testcase classname="backend.tests.test_conteo_v6.TestUserCRUDWithPermissions" name="test_get_users_returns_permissions" time="0.491" /><testcase classname="backend.tests.test_conteo_v6.TestUserCRUDWithPermissions" name="test_create_user_with_permissions" time="1.154" /><testcase classname="backend.tests.test_conteo_v6.TestUserCRUDWithPermissions" name="test_update_user_permissions" time="1.374" /><testcase classname="backend.tests.test_conteo_v6.TestUserCRUDWithPermissions" name="test_edit_admin_user" time="0.859" /><testcase classname="backend.tests.test_conteo_v6.TestUserCRUDWithPermissions" name="test_toggle_user_active_status" time="1.629" /><testcase classname="backend.tests.test_conteo_v6.TestUserCRUDWithPermissions" name="test_delete_user" time="1.137" /><testcase classname="backend.tests.test_conteo_v6.TestRankingEndpoints" name="test_realtime_ranking" time="0.557" /><testcase classname="backend.tests.test_conteo_v6.TestRankingEndpoints" name="test_brand_ranking" time="0.543" /><testcase classname="backend.tests.test_conteo_v6.TestRankingEndpoints" name="test_center_ranking" time="0.595" /><testcase classname="backend.tests.test_conteo_v6.TestRankingEndpoints" name="test_island_ranking" time="0.479" /><testcase classname="backend.tests.test_conteo_v6.TestCamerasEndpoint" name="test_get_cameras" time="0.489" /></testsuite></testsuites>