<?xml version="1.0" encoding="utf-8"?><testsuites name="pytest tests"><testsuite name="pytest" errors="0" failures="1" skipped="0" tests="16" time="10.295" timestamp="2026-02-24T15:14:34.233788+00:00" hostname="agent-env-cd77914b-c0e6-47f4-967b-f90f85d9a7f4"><testcase classname="tests.test_multitenancy.TestAdminLogin" name="test_admin_login_success" time="0.497" /><testcase classname="tests.test_multitenancy.TestTenantAdminLogin" name="test_tenant_admin_login_success" time="0.393"><failure message="AssertionError: tenant_admin should have organization_ids&#10;assert 'organization_ids' in {'email': 'admin@domingoalonso.com', 'full_name': 'Admin Domingo Alonso', 'group_ids': [], 'id': '6364a65d-71c7-4fbf-83d1-7a5d4ddfa0ef', ...}">tests/test_multitenancy.py:71: in test_tenant_admin_login_success
    assert "organization_ids" in data["user"], "tenant_admin should have organization_ids"
E   AssertionError: tenant_admin should have organization_ids
E   assert 'organization_ids' in {'email': 'admin@domingoalonso.com', 'full_name': 'Admin Domingo Alonso', 'group_ids': [], 'id': '6364a65d-71c7-4fbf-83d1-7a5d4ddfa0ef', ...}</failure></testcase><testcase classname="tests.test_multitenancy.TestAdminOrganizationsAccess" name="test_admin_sees_all_organizations" time="0.597" /><testcase classname="tests.test_multitenancy.TestTenantAdminOrganizationsAccess" name="test_tenant_admin_sees_only_their_organizations" time="0.601" /><testcase classname="tests.test_multitenancy.TestTenantAdminGroupsAccess" name="test_tenant_admin_sees_only_their_groups" time="0.514" /><testcase classname="tests.test_multitenancy.TestTenantAdminGroupCreation" name="test_tenant_admin_can_create_group_in_their_org" time="0.656" /><testcase classname="tests.test_multitenancy.TestTenantAdminDevicesFiltering" name="test_tenant_admin_devices_filtered" time="0.923" /><testcase classname="tests.test_multitenancy.TestDeviceStatsFiltering" name="test_admin_device_stats" time="0.564" /><testcase classname="tests.test_multitenancy.TestDeviceStatsFiltering" name="test_tenant_admin_device_stats" time="0.611" /><testcase classname="tests.test_multitenancy.TestAlertsFiltering" name="test_admin_alerts" time="0.538" /><testcase classname="tests.test_multitenancy.TestAlertsFiltering" name="test_tenant_admin_alerts_filtered" time="0.598" /><testcase classname="tests.test_multitenancy.TestDahuaDevicesFiltering" name="test_admin_dahua_devices" time="0.585" /><testcase classname="tests.test_multitenancy.TestDahuaDevicesFiltering" name="test_tenant_admin_dahua_devices_filtered" time="0.651" /><testcase classname="tests.test_multitenancy.TestAdminVsTenantComparison" name="test_compare_organizations_count" time="1.076" /><testcase classname="tests.test_multitenancy.TestTenantAdminCannotAccessOtherOrgs" name="test_tenant_cannot_create_group_in_other_org" time="0.911" /><testcase classname="tests.test_multitenancy.TestCleanup" name="test_cleanup_test_groups" time="0.475" /></testsuite></testsuites>