<?xml version="1.0" encoding="utf-8"?><testsuites name="pytest tests"><testsuite name="pytest" errors="0" failures="0" skipped="0" tests="15" time="2.480" timestamp="2026-02-19T11:40:01.022638+00:00" hostname="agent-env-9d11fa46-ff29-4c43-ad71-71d212ecbc8b"><testcase classname="tests.test_dahua_api.TestDahuaDevicesCRUD" name="test_01_list_dahua_devices" time="0.650" /><testcase classname="tests.test_dahua_api.TestDahuaDevicesCRUD" name="test_02_create_dahua_device" time="0.117" /><testcase classname="tests.test_dahua_api.TestDahuaDevicesCRUD" name="test_03_get_single_dahua_device" time="0.105" /><testcase classname="tests.test_dahua_api.TestDahuaDevicesCRUD" name="test_04_update_dahua_device" time="0.144" /><testcase classname="tests.test_dahua_api.TestDahuaDevicesCRUD" name="test_05_verify_update_persisted" time="0.145" /><testcase classname="tests.test_dahua_api.TestDahuaDevicesCRUD" name="test_06_delete_dahua_device" time="0.106" /><testcase classname="tests.test_dahua_api.TestDahuaDevicesCRUD" name="test_07_verify_delete" time="0.123" /><testcase classname="tests.test_dahua_api.TestDahuaStatusEndpoints" name="test_status_summary" time="0.102" /><testcase classname="tests.test_dahua_api.TestDahuaQuickCheck" name="test_quick_check_invalid_serial" time="0.190" /><testcase classname="tests.test_dahua_api.TestDahuaQuickCheck" name="test_quick_check_response_structure" time="0.146" /><testcase classname="tests.test_dahua_api.TestDahuaErrorHandling" name="test_get_nonexistent_device" time="0.144" /><testcase classname="tests.test_dahua_api.TestDahuaErrorHandling" name="test_update_nonexistent_device" time="0.108" /><testcase classname="tests.test_dahua_api.TestDahuaErrorHandling" name="test_delete_nonexistent_device" time="0.104" /><testcase classname="tests.test_dahua_api.TestDahuaErrorHandling" name="test_unauthorized_access" time="0.104" /><testcase classname="tests.test_dahua_api.TestDahuaValidation" name="test_create_device_missing_required_fields" time="0.129" /></testsuite></testsuites>